<mxfile host="localhost" modified="2024-03-04T04:01:06.600Z" agent="Mozilla/5.0 (Windows NT 10.0; Win64; x64) AppleWebKit/537.36 (KHTML, like Gecko) Chrome/124.0.0.0 Safari/537.36" etag="i6BrFOF2dLN32gCXXFL3" version="@DRAWIO-VERSION@">
  <diagram name="Page-1" id="gYfpwTqSmU9yM73FQor0">
    <mxGraphModel dx="1043" dy="1098" grid="1" gridSize="10" guides="1" tooltips="1" connect="1" arrows="1" fold="1" page="1" pageScale="1" pageWidth="827" pageHeight="1169" math="0" shadow="0">
      <root>
        <mxCell id="0" />
        <mxCell id="1" parent="0" />
        <MyNode ip="" port="" id="9IjAyiRLBR-uzYKVIEi7-1">
          <mxCell style="rounded=0;whiteSpace=wrap;html=1;" parent="1" vertex="1">
            <mxGeometry x="220" y="220" width="410" height="400" as="geometry" />
          </mxCell>
        </MyNode>
        <MyNode ip="" port="" label="New Drawio" id="9IjAyiRLBR-uzYKVIEi7-2">
          <mxCell style="rounded=1;whiteSpace=wrap;html=1;fillColor=#f8cecc;strokeColor=#b85450;" parent="1" vertex="1">
            <mxGeometry x="290" y="250" width="250" height="60" as="geometry" />
          </mxCell>
        </MyNode>
        <MyNode ip="" port="" label="8888" id="9IjAyiRLBR-uzYKVIEi7-3">
          <mxCell style="shape=cylinder3;whiteSpace=wrap;html=1;boundedLbl=1;backgroundOutline=1;size=15;fillColor=#dae8fc;strokeColor=#6c8ebf;" parent="1" vertex="1">
            <mxGeometry x="329" y="360" width="170" height="220" as="geometry" />
          </mxCell>
        </MyNode>
        <MyNode ip="" port="" id="TBGB4L631et6bSfNfsa1-1">
          <mxCell style="shape=image;html=1;verticalLabelPosition=bottom;verticalAlign=top;imageAspect=1;aspect=fixed;image=data:image/svg+xml,PHN2ZyB4bWxuczp4bGluaz0iaHR0cDovL3d3dy53My5vcmcvMTk5OS94bGluayIgeG1sbnM9Imh0dHA6Ly93d3cudzMub3JnLzIwMDAvc3ZnIiBoZWlnaHQ9IjEyOCIgd2lkdGg9IjEyOCIgdmVyc2lvbj0iMS4xIiB2aWV3Qm94PSIwIDAgMTAyNCAxMDI0IiBjbGFzcz0iaWNvbiI+PHBhdGggZmlsbD0iIzE2NzdGRiIgZD0iTTUxMiA5NmMyMjkuNzYgMCA0MTYgMTg2LjI0IDQxNiA0MTZTNzQxLjc2IDkyOCA1MTIgOTI4IDk2IDc0MS43NiA5NiA1MTIgMjgyLjI0IDk2IDUxMiA5NnogbS0zMiA0NDhsLTEyNy4zMTczMzMgMC4wMjEzMzNjMC44OTYgMjAuNDggMi42MjQgNDAuNDA1MzMzIDUuMTIgNTkuNjY5MzM0bDEuOTg0IDE0LjI5MzMzMyAyLjQ3NDY2NiAxNS4yNTMzMzNjMTkuNzU0NjY3IDExMi44OTYgNjUuNzI4IDE5Ny43Mzg2NjcgMTE3Ljc2IDIyMi45OTczMzRMNDgwIDU0NHogbTE5MS4zMTczMzMgMC4wMjEzMzNMNTQ0IDU0NHYzMTIuMjM0NjY3YzUwLjg1ODY2Ny0yNC43MjUzMzMgOTUuOTM2LTEwNi4zNjggMTE2LjM3MzMzMy0yMTUuNTA5MzM0bDEuMzY1MzM0LTcuNDg4IDIuNDc0NjY2LTE1LjIzMmE3MDEuMDEzMzMzIDcwMS4wMTMzMzMgMCAwIDAgNy4xMDQtNzMuOTg0eiBtLTM4Mi42OTg2NjYgMEgxNjEuNDI5MzMzYzExLjY0OCAxMjkuMDY2NjY3IDkyLjk5MiAyMzguMDggMjA2LjEwMTMzNCAyODkuMDY2NjY3LTIyLjEyMjY2Ny0zNC4yODI2NjctNDAuMzYyNjY3LTc2LjQxNi01My43Ni0xMjQuMDMybC0zLjAyOTMzNC0xMS4wOTMzMzMtMy41Mi0xNC4xNjUzMzQtMy4yNDI2NjYtMTQuNDY0YTc0NC40OTA2NjcgNzQ0LjQ5MDY2NyAwIDAgMS0xNS4zNi0xMjUuMzEyeiBtNTczLjk1MiAwSDczNS4zNmE3NTIuNjYxMzMzIDc1Mi42NjEzMzMgMCAwIDEtMTIuNjcyIDExMi4xMjhsLTIuNjg4IDEzLjE4NC0zLjI0MjY2NyAxNC40NjQtMy41MiAxNC4xODY2NjdjLTEzLjY1MzMzMyA1Mi4xMzg2NjctMzIuOTYgOTguMTk3MzMzLTU2Ljc4OTMzMyAxMzUuMTA0IDExMy4xMDkzMzMtNTAuOTg2NjY3IDE5NC40NTMzMzMtMTYwIDIwNi4wOC0yODkuMDY2NjY3ek0zNjcuNTMwNjY3IDE5MC44OTA2NjdsLTIuODU4NjY3IDEuMzAxMzMzQzI1My4wMTMzMzMgMjQzLjczMzMzMyAxNzIuOTcwNjY3IDM1MiAxNjEuNDI5MzMzIDQ4MGgxMjcuMTg5MzM0YzEuNTM2LTM5LjA0IDUuODY2NjY3LTc2LjY5MzMzMyAxMi42NzItMTEyLjE0OTMzM2wyLjY4OC0xMy4xODQgMy4yNDI2NjYtMTQuNDY0IDMuNTItMTQuMTg2NjY3YzEzLjY1MzMzMy01Mi4xMzg2NjcgMzIuOTYtOTguMTk3MzMzIDU2Ljc4OTMzNC0xMzUuMTA0ek00ODAgMTY3Ljc2NTMzM2MtNTAuNzA5MzMzIDI0LjYxODY2Ny05NS42OCAxMDUuODk4NjY3LTExNi4yMDI2NjcgMjE0LjU5MmwtMS41MzYgOC40MDUzMzQtMi40NzQ2NjYgMTUuMjMyYTcwMS4wMzQ2NjcgNzAxLjAzNDY2NyAwIDAgMC03LjEwNCA3NC4wMDUzMzNINDgwVjE2Ny43NjUzMzN6IG0xNzYuNDY5MzMzIDIzLjE0NjY2N2wyLjU2IDQuMDUzMzMzYzIwLjkwNjY2NyAzMy40MjkzMzMgMzguMjI5MzMzIDczLjk4NCA1MS4wOTMzMzQgMTE5LjU1MmwzLjEzNiAxMS41MiAzLjUyIDE0LjE2NTMzNCAzLjI0MjY2NiAxNC40NjRjOC4zNjI2NjcgMzkuMjUzMzMzIDEzLjYzMiA4MS40MDggMTUuMzYgMTI1LjMzMzMzM2gxMjcuMTg5MzM0Yy0xMS42MjY2NjctMTI5LjA4OC05Mi45NzA2NjctMjM4LjEwMTMzMy0yMDYuMTAxMzM0LTI4OS4wNjY2Njd6TTU0NCAxNjcuNzY1MzMzTDU0NCA0ODBoMTI3LjMxNzMzM2E3MDcuMTM2IDcwNy4xMzYgMCAwIDAtNS4zMzMzMzMtNjEuMzc2bC0xLjc3MDY2Ny0xMi42MjkzMzMtMi40NzQ2NjYtMTUuMjMyYy0xOS43NTQ2NjctMTEyLjg3NDY2Ny02NS43MDY2NjctMTk3LjcxNzMzMy0xMTcuNzE3MzM0LTIyMi45OTczMzR6Ii8+PC9zdmc+;" parent="1" vertex="1">
            <mxGeometry x="30" y="330" width="128" height="128" as="geometry" />
          </mxCell>
        </MyNode>
      </root>
    </mxGraphModel>
  </diagram>
</mxfile>
