<mxfile host="localhost" modified="2024-02-26T11:55:45.932Z" agent="Mozilla/5.0 (Macintosh; Intel Mac OS X 10_15_7) AppleWebKit/537.36 (KHTML, like Gecko) Chrome/122.0.0.0 Safari/537.36" etag="P8XtElDMLLtxkTKP-8OB" version="@DRAWIO-VERSION@">
  <diagram name="Page-1" id="vmWHdA3AnLrPzClaSTBO">
    <mxGraphModel dx="869" dy="826" grid="1" gridSize="10" guides="1" tooltips="1" connect="1" arrows="1" fold="1" page="1" pageScale="1" pageWidth="827" pageHeight="1169" math="0" shadow="0">
      <root>
        <mxCell id="0" />
        <mxCell id="1" parent="0" />
        <mxCell id="UqR7qZzVpOSz_s2w2moD-1" value="Vertical Container" style="swimlane;whiteSpace=wrap;html=1;" vertex="1" parent="1">
          <mxGeometry x="290" y="270" width="260" height="250" as="geometry" />
        </mxCell>
        <MyNode ip="" port="" label="111" id="UqR7qZzVpOSz_s2w2moD-2">
          <mxCell style="rounded=0;whiteSpace=wrap;html=1;" vertex="1" parent="UqR7qZzVpOSz_s2w2moD-1">
            <mxGeometry x="10" y="30" width="240" height="60" as="geometry" />
          </mxCell>
        </MyNode>
        <MyNode ip="" port="" label="2222" id="UqR7qZzVpOSz_s2w2moD-3">
          <mxCell style="rounded=0;whiteSpace=wrap;html=1;" vertex="1" parent="UqR7qZzVpOSz_s2w2moD-1">
            <mxGeometry x="10" y="100" width="240" height="60" as="geometry" />
          </mxCell>
        </MyNode>
        <MyNode ip="" port="" label="33333" id="UqR7qZzVpOSz_s2w2moD-4">
          <mxCell style="rounded=0;whiteSpace=wrap;html=1;" vertex="1" parent="UqR7qZzVpOSz_s2w2moD-1">
            <mxGeometry x="10" y="170" width="240" height="60" as="geometry" />
          </mxCell>
        </MyNode>
      </root>
    </mxGraphModel>
  </diagram>
</mxfile>
